# JRE version: Java(TM) SE Runtime Environment 18.9 (11.0.7+8) (build 11.0.7+8-LTS)
# Java VM: Java HotSpot(TM) 64-Bit Server VM 18.9 (11.0.7+8-LTS, mixed mode, tiered, compressed oops, g1 gc, bsd-amd64)
Heap:
 garbage-first heap   total 236544K, used 48146K [0x0000000740000000, 0x0000000800000000)
  region size 1024K, 11 young (11264K), 7 survivors (7168K)
 Metaspace       used 96706K, capacity 101040K, committed 101108K, reserved 1134592K
  class space    used 13403K, capacity 15527K, committed 15564K, reserved 1048576K
GC Heap History (10 events):
Event: 10.539 GC heap before
{Heap before GC invocations=11 (full 0):
 garbage-first heap   total 236544K, used 184169K [0x0000000740000000, 0x0000000800000000)
  region size 1024K, 138 young (141312K), 9 survivors (9216K)
 Metaspace       used 58969K, capacity 60989K, committed 61232K, reserved 1101824K
  class space    used 7600K, capacity 8523K, committed 8576K, reserved 1048576K
}
Event: 10.547 GC heap after
{Heap after GC invocations=12 (full 0):
 garbage-first heap   total 236544K, used 37415K [0x0000000740000000, 0x0000000800000000)
  region size 1024K, 13 young (13312K), 13 survivors (13312K)
 Metaspace       used 58969K, capacity 60989K, committed 61232K, reserved 1101824K
  class space    used 7600K, capacity 8523K, committed 8576K, reserved 1048576K
}
Event: 13.335 GC heap before
{Heap before GC invocations=12 (full 0):
 garbage-first heap   total 236544K, used 180775K [0x0000000740000000, 0x0000000800000000)
  region size 1024K, 138 young (141312K), 13 survivors (13312K)
 Metaspace       used 62571K, capacity 64860K, committed 65072K, reserved 1105920K
  class space    used 8177K, capacity 9254K, committed 9344K, reserved 1048576K
}
Event: 13.343 GC heap after
{Heap after GC invocations=13 (full 0):
 garbage-first heap   total 236544K, used 37976K [0x0000000740000000, 0x0000000800000000)
  region size 1024K, 10 young (10240K), 10 survivors (10240K)
 Metaspace       used 62571K, capacity 64860K, committed 65072K, reserved 1105920K
  class space    used 8177K, capacity 9254K, committed 9344K, reserved 1048576K
}
Event: 19.648 GC heap before
{Heap before GC invocations=13 (full 0):
 garbage-first heap   total 236544K, used 168024K [0x0000000740000000, 0x0000000800000000)
  region size 1024K, 138 young (141312K), 10 survivors (10240K)
 Metaspace       used 71293K, capacity 73718K, committed 73904K, reserved 1112064K
  class space    used 9309K, capacity 10451K, committed 10496K, reserved 1048576K
}
Event: 19.655 GC heap after
{Heap after GC invocations=14 (full 0):
 garbage-first heap   total 236544K, used 38756K [0x0000000740000000, 0x0000000800000000)
  region size 1024K, 11 young (11264K), 11 survivors (11264K)
 Metaspace       used 71293K, capacity 73718K, committed 73904K, reserved 1112064K
  class space    used 9309K, capacity 10451K, committed 10496K, reserved 1048576K
}
Event: 21.248 GC heap before
{Heap before GC invocations=14 (full 0):
 garbage-first heap   total 236544K, used 168804K [0x0000000740000000, 0x0000000800000000)
  region size 1024K, 138 young (141312K), 11 survivors (11264K)
 Metaspace       used 87908K, capacity 91419K, committed 91568K, reserved 1126400K
  class space    used 12001K, capacity 13732K, committed 13824K, reserved 1048576K
}
Event: 21.256 GC heap after
{Heap after GC invocations=15 (full 0):
 garbage-first heap   total 236544K, used 42648K [0x0000000740000000, 0x0000000800000000)
  region size 1024K, 13 young (13312K), 13 survivors (13312K)
 Metaspace       used 87908K, capacity 91419K, committed 91568K, reserved 1126400K
  class space    used 12001K, capacity 13732K, committed 13824K, reserved 1048576K
}
Event: 22.404 GC heap before
{Heap before GC invocations=15 (full 0):
 garbage-first heap   total 236544K, used 119448K [0x0000000740000000, 0x0000000800000000)
  region size 1024K, 89 young (91136K), 13 survivors (13312K)
 Metaspace       used 96534K, capacity 100739K, committed 100776K, reserved 1134592K
  class space    used 13368K, capacity 15472K, committed 15488K, reserved 1048576K
}
Event: 22.417 GC heap after
{Heap after GC invocations=16 (full 0):
 garbage-first heap   total 236544K, used 45074K [0x0000000740000000, 0x0000000800000000)
  region size 1024K, 7 young (7168K), 7 survivors (7168K)
 Metaspace       used 96534K, capacity 100739K, committed 100776K, reserved 1134592K
  class space    used 13368K, capacity 15472K, committed 15488K, reserved 1048576K
}

