# JRE version: Java(TM) SE Runtime Environment 18.9 (11.0.7+8) (build 11.0.7+8-LTS)
# Java VM: Java HotSpot(TM) 64-Bit Server VM 18.9 (11.0.7+8-LTS, mixed mode, tiered, compressed oops, g1 gc, bsd-amd64)
Heap:
 garbage-first heap   total 236544K, used 130232K [0x0000000740000000, 0x0000000800000000)
  region size 1024K, 99 young (101376K), 10 survivors (10240K)
 Metaspace       used 93967K, capacity 98625K, committed 98844K, reserved 1132544K
  class space    used 13598K, capacity 15928K, committed 16000K, reserved 1048576K
GC Heap History (10 events):
Event: 10.615 GC heap before
{Heap before GC invocations=9 (full 0):
 garbage-first heap   total 236544K, used 170656K [0x0000000740000000, 0x0000000800000000)
  region size 1024K, 138 young (141312K), 16 survivors (16384K)
 Metaspace       used 57152K, capacity 59401K, committed 59676K, reserved 1099776K
  class space    used 7436K, capacity 8472K, committed 8576K, reserved 1048576K
}
Event: 10.628 GC heap after
{Heap after GC invocations=10 (full 0):
 garbage-first heap   total 236544K, used 40149K [0x0000000740000000, 0x0000000800000000)
  region size 1024K, 12 young (12288K), 12 survivors (12288K)
 Metaspace       used 57152K, capacity 59401K, committed 59676K, reserved 1099776K
  class space    used 7436K, capacity 8472K, committed 8576K, reserved 1048576K
}
Event: 10.751 GC heap before
{Heap before GC invocations=10 (full 0):
 garbage-first heap   total 236544K, used 188629K [0x0000000740000000, 0x0000000800000000)
  region size 1024K, 138 young (141312K), 12 survivors (12288K)
 Metaspace       used 57380K, capacity 59599K, committed 59676K, reserved 1099776K
  class space    used 7508K, capacity 8537K, committed 8576K, reserved 1048576K
}
Event: 10.757 GC heap after
{Heap after GC invocations=11 (full 0):
 garbage-first heap   total 236544K, used 41447K [0x0000000740000000, 0x0000000800000000)
  region size 1024K, 13 young (13312K), 13 survivors (13312K)
 Metaspace       used 57380K, capacity 59599K, committed 59676K, reserved 1099776K
  class space    used 7508K, capacity 8537K, committed 8576K, reserved 1048576K
}
Event: 10.820 GC heap before
{Heap before GC invocations=11 (full 0):
 garbage-first heap   total 236544K, used 74215K [0x0000000740000000, 0x0000000800000000)
  region size 1024K, 43 young (44032K), 13 survivors (13312K)
 Metaspace       used 57952K, capacity 60200K, committed 60316K, reserved 1101824K
  class space    used 7577K, capacity 8611K, committed 8704K, reserved 1048576K
}
Event: 10.823 GC heap after
{Heap after GC invocations=12 (full 0):
 garbage-first heap   total 236544K, used 34122K [0x0000000740000000, 0x0000000800000000)
  region size 1024K, 4 young (4096K), 4 survivors (4096K)
 Metaspace       used 57952K, capacity 60200K, committed 60316K, reserved 1101824K
  class space    used 7577K, capacity 8611K, committed 8704K, reserved 1048576K
}
Event: 18.656 GC heap before
{Heap before GC invocations=13 (full 0):
 garbage-first heap   total 236544K, used 170314K [0x0000000740000000, 0x0000000800000000)
  region size 1024K, 138 young (141312K), 4 survivors (4096K)
 Metaspace       used 72734K, capacity 75561K, committed 75676K, reserved 1114112K
  class space    used 9898K, capacity 11229K, committed 11264K, reserved 1048576K
}
Event: 18.660 GC heap after
{Heap after GC invocations=14 (full 0):
 garbage-first heap   total 236544K, used 37387K [0x0000000740000000, 0x0000000800000000)
  region size 1024K, 7 young (7168K), 7 survivors (7168K)
 Metaspace       used 72734K, capacity 75561K, committed 75676K, reserved 1114112K
  class space    used 9898K, capacity 11229K, committed 11264K, reserved 1048576K
}
Event: 20.002 GC heap before
{Heap before GC invocations=14 (full 0):
 garbage-first heap   total 236544K, used 170507K [0x0000000740000000, 0x0000000800000000)
  region size 1024K, 138 young (141312K), 7 survivors (7168K)
 Metaspace       used 87185K, capacity 91105K, committed 91292K, reserved 1126400K
  class space    used 12322K, capacity 14242K, committed 14336K, reserved 1048576K
}
Event: 20.009 GC heap after
{Heap after GC invocations=15 (full 0):
 garbage-first heap   total 236544K, used 40120K [0x0000000740000000, 0x0000000800000000)
  region size 1024K, 10 young (10240K), 10 survivors (10240K)
 Metaspace       used 87185K, capacity 91105K, committed 91292K, reserved 1126400K
  class space    used 12322K, capacity 14242K, committed 14336K, reserved 1048576K
}

