# JRE version: Java(TM) SE Runtime Environment 18.9 (11.0.7+8) (build 11.0.7+8-LTS)
# Java VM: Java HotSpot(TM) 64-Bit Server VM 18.9 (11.0.7+8-LTS, mixed mode, tiered, compressed oops, g1 gc, bsd-amd64)
Heap:
 garbage-first heap   total 315392K, used 95434K [0x0000000740000000, 0x0000000800000000)
  region size 1024K, 67 young (68608K), 12 survivors (12288K)
 Metaspace       used 95186K, capacity 100058K, committed 100124K, reserved 1132544K
  class space    used 13799K, capacity 16209K, committed 16236K, reserved 1048576K
GC Heap History (10 events):
Event: 13.698 GC heap before
{Heap before GC invocations=9 (full 0):
 garbage-first heap   total 236544K, used 145765K [0x0000000740000000, 0x0000000800000000)
  region size 1024K, 115 young (117760K), 8 survivors (8192K)
 Metaspace       used 57127K, capacity 59396K, committed 59676K, reserved 1099776K
  class space    used 7435K, capacity 8472K, committed 8556K, reserved 1048576K
}
Event: 13.723 GC heap after
{Heap after GC invocations=10 (full 0):
 garbage-first heap   total 236544K, used 33208K [0x0000000740000000, 0x0000000800000000)
  region size 1024K, 8 young (8192K), 8 survivors (8192K)
 Metaspace       used 57127K, capacity 59396K, committed 59676K, reserved 1099776K
  class space    used 7435K, capacity 8472K, committed 8556K, reserved 1048576K
}
Event: 14.024 GC heap before
{Heap before GC invocations=10 (full 0):
 garbage-first heap   total 236544K, used 183736K [0x0000000740000000, 0x0000000800000000)
  region size 1024K, 134 young (137216K), 8 survivors (8192K)
 Metaspace       used 57347K, capacity 59594K, committed 59676K, reserved 1099776K
  class space    used 7508K, capacity 8537K, committed 8556K, reserved 1048576K
}
Event: 14.062 GC heap after
{Heap after GC invocations=11 (full 0):
 garbage-first heap   total 315392K, used 43605K [0x0000000740000000, 0x0000000800000000)
  region size 1024K, 16 young (16384K), 16 survivors (16384K)
 Metaspace       used 57347K, capacity 59594K, committed 59676K, reserved 1099776K
  class space    used 7508K, capacity 8537K, committed 8556K, reserved 1048576K
}
Event: 14.255 GC heap before
{Heap before GC invocations=11 (full 0):
 garbage-first heap   total 315392K, used 135765K [0x0000000740000000, 0x0000000800000000)
  region size 1024K, 96 young (98304K), 16 survivors (16384K)
 Metaspace       used 57873K, capacity 60128K, committed 60316K, reserved 1101824K
  class space    used 7570K, capacity 8610K, committed 8684K, reserved 1048576K
}
Event: 14.282 GC heap after
{Heap after GC invocations=12 (full 0):
 garbage-first heap   total 315392K, used 37240K [0x0000000740000000, 0x0000000800000000)
  region size 1024K, 8 young (8192K), 8 survivors (8192K)
 Metaspace       used 57873K, capacity 60128K, committed 60316K, reserved 1101824K
  class space    used 7570K, capacity 8610K, committed 8684K, reserved 1048576K
}
Event: 22.717 GC heap before
{Heap before GC invocations=13 (full 0):
 garbage-first heap   total 315392K, used 216440K [0x0000000740000000, 0x0000000800000000)
  region size 1024K, 184 young (188416K), 8 survivors (8192K)
 Metaspace       used 77388K, capacity 80566K, committed 80796K, reserved 1118208K
  class space    used 10624K, capacity 12161K, committed 12268K, reserved 1048576K
}
Event: 22.741 GC heap after
{Heap after GC invocations=14 (full 0):
 garbage-first heap   total 315392K, used 37858K [0x0000000740000000, 0x0000000800000000)
  region size 1024K, 9 young (9216K), 9 survivors (9216K)
 Metaspace       used 77388K, capacity 80566K, committed 80796K, reserved 1118208K
  class space    used 10624K, capacity 12161K, committed 12268K, reserved 1048576K
}
Event: 25.603 GC heap before
{Heap before GC invocations=14 (full 0):
 garbage-first heap   total 315392K, used 216034K [0x0000000740000000, 0x0000000800000000)
  region size 1024K, 184 young (188416K), 9 survivors (9216K)
 Metaspace       used 93627K, capacity 98268K, committed 98460K, reserved 1132544K
  class space    used 13523K, capacity 15811K, committed 15852K, reserved 1048576K
}
Event: 25.617 GC heap after
{Heap after GC invocations=15 (full 0):
 garbage-first heap   total 315392K, used 41162K [0x0000000740000000, 0x0000000800000000)
  region size 1024K, 12 young (12288K), 12 survivors (12288K)
 Metaspace       used 93627K, capacity 98268K, committed 98460K, reserved 1132544K
  class space    used 13523K, capacity 15811K, committed 15852K, reserved 1048576K
}

