# JRE version: Java(TM) SE Runtime Environment 18.9 (11.0.7+8) (build 11.0.7+8-LTS)
# Java VM: Java HotSpot(TM) 64-Bit Server VM 18.9 (11.0.7+8-LTS, mixed mode, tiered, compressed oops, g1 gc, bsd-amd64)
Heap:
 garbage-first heap   total 284672K, used 70321K [0x0000000740000000, 0x0000000800000000)
  region size 1024K, 40 young (40960K), 10 survivors (10240K)
 Metaspace       used 93654K, capacity 98280K, committed 98460K, reserved 1132544K
  class space    used 13520K, capacity 15806K, committed 15852K, reserved 1048576K
GC Heap History (10 events):
Event: 9.101 GC heap before
{Heap before GC invocations=9 (full 0):
 garbage-first heap   total 236544K, used 169889K [0x0000000740000000, 0x0000000800000000)
  region size 1024K, 138 young (141312K), 17 survivors (17408K)
 Metaspace       used 57153K, capacity 59418K, committed 59676K, reserved 1099776K
  class space    used 7436K, capacity 8472K, committed 8556K, reserved 1048576K
}
Event: 9.114 GC heap after
{Heap after GC invocations=10 (full 0):
 garbage-first heap   total 236544K, used 40844K [0x0000000740000000, 0x0000000800000000)
  region size 1024K, 12 young (12288K), 12 survivors (12288K)
 Metaspace       used 57153K, capacity 59418K, committed 59676K, reserved 1099776K
  class space    used 7436K, capacity 8472K, committed 8556K, reserved 1048576K
}
Event: 9.238 GC heap before
{Heap before GC invocations=10 (full 0):
 garbage-first heap   total 236544K, used 189324K [0x0000000740000000, 0x0000000800000000)
  region size 1024K, 138 young (141312K), 12 survivors (12288K)
 Metaspace       used 57385K, capacity 59620K, committed 59676K, reserved 1099776K
  class space    used 7510K, capacity 8537K, committed 8556K, reserved 1048576K
}
Event: 9.246 GC heap after
{Heap after GC invocations=11 (full 0):
 garbage-first heap   total 284672K, used 41823K [0x0000000740000000, 0x0000000800000000)
  region size 1024K, 13 young (13312K), 13 survivors (13312K)
 Metaspace       used 57385K, capacity 59620K, committed 59676K, reserved 1099776K
  class space    used 7510K, capacity 8537K, committed 8556K, reserved 1048576K
}
Event: 9.315 GC heap before
{Heap before GC invocations=11 (full 0):
 garbage-first heap   total 284672K, used 74591K [0x0000000740000000, 0x0000000800000000)
  region size 1024K, 43 young (44032K), 13 survivors (13312K)
 Metaspace       used 57965K, capacity 60157K, committed 60316K, reserved 1101824K
  class space    used 7580K, capacity 8611K, committed 8684K, reserved 1048576K
}
Event: 9.318 GC heap after
{Heap after GC invocations=12 (full 0):
 garbage-first heap   total 284672K, used 34481K [0x0000000740000000, 0x0000000800000000)
  region size 1024K, 4 young (4096K), 4 survivors (4096K)
 Metaspace       used 57965K, capacity 60157K, committed 60316K, reserved 1101824K
  class space    used 7580K, capacity 8611K, committed 8684K, reserved 1048576K
}
Event: 15.917 GC heap before
{Heap before GC invocations=13 (full 0):
 garbage-first heap   total 284672K, used 199345K [0x0000000740000000, 0x0000000800000000)
  region size 1024K, 166 young (169984K), 4 survivors (4096K)
 Metaspace       used 77136K, capacity 80318K, committed 80412K, reserved 1118208K
  class space    used 10586K, capacity 12105K, committed 12140K, reserved 1048576K
}
Event: 15.923 GC heap after
{Heap after GC invocations=14 (full 0):
 garbage-first heap   total 284672K, used 38518K [0x0000000740000000, 0x0000000800000000)
  region size 1024K, 8 young (8192K), 8 survivors (8192K)
 Metaspace       used 77136K, capacity 80318K, committed 80412K, reserved 1118208K
  class space    used 10586K, capacity 12105K, committed 12140K, reserved 1048576K
}
Event: 17.261 GC heap before
{Heap before GC invocations=14 (full 0):
 garbage-first heap   total 284672K, used 200310K [0x0000000740000000, 0x0000000800000000)
  region size 1024K, 166 young (169984K), 8 survivors (8192K)
 Metaspace       used 89509K, capacity 93557K, committed 93724K, reserved 1128448K
  class space    used 12612K, capacity 14590K, committed 14700K, reserved 1048576K
}
Event: 17.266 GC heap after
{Heap after GC invocations=15 (full 0):
 garbage-first heap   total 284672K, used 40625K [0x0000000740000000, 0x0000000800000000)
  region size 1024K, 10 young (10240K), 10 survivors (10240K)
 Metaspace       used 89509K, capacity 93557K, committed 93724K, reserved 1128448K
  class space    used 12612K, capacity 14590K, committed 14700K, reserved 1048576K
}

