# JRE version: Java(TM) SE Runtime Environment 18.9 (11.0.7+8) (build 11.0.7+8-LTS)
# Java VM: Java HotSpot(TM) 64-Bit Server VM 18.9 (11.0.7+8-LTS, mixed mode, tiered, compressed oops, g1 gc, bsd-amd64)
Heap:
 garbage-first heap   total 236544K, used 127917K [0x0000000740000000, 0x0000000800000000)
  region size 1024K, 95 young (97280K), 11 survivors (11264K)
 Metaspace       used 94000K, capacity 98708K, committed 98844K, reserved 1132544K
  class space    used 13604K, capacity 15928K, committed 15980K, reserved 1048576K
GC Heap History (10 events):
Event: 9.855 GC heap before
{Heap before GC invocations=9 (full 0):
 garbage-first heap   total 236544K, used 170861K [0x0000000740000000, 0x0000000800000000)
  region size 1024K, 138 young (141312K), 16 survivors (16384K)
 Metaspace       used 57140K, capacity 59411K, committed 59676K, reserved 1099776K
  class space    used 7435K, capacity 8472K, committed 8556K, reserved 1048576K
}
Event: 9.866 GC heap after
{Heap after GC invocations=10 (full 0):
 garbage-first heap   total 236544K, used 41028K [0x0000000740000000, 0x0000000800000000)
  region size 1024K, 12 young (12288K), 12 survivors (12288K)
 Metaspace       used 57140K, capacity 59411K, committed 59676K, reserved 1099776K
  class space    used 7435K, capacity 8472K, committed 8556K, reserved 1048576K
}
Event: 9.994 GC heap before
{Heap before GC invocations=10 (full 0):
 garbage-first heap   total 236544K, used 189508K [0x0000000740000000, 0x0000000800000000)
  region size 1024K, 138 young (141312K), 12 survivors (12288K)
 Metaspace       used 57378K, capacity 59610K, committed 59676K, reserved 1099776K
  class space    used 7509K, capacity 8537K, committed 8556K, reserved 1048576K
}
Event: 10.003 GC heap after
{Heap after GC invocations=11 (full 0):
 garbage-first heap   total 236544K, used 42035K [0x0000000740000000, 0x0000000800000000)
  region size 1024K, 9 young (9216K), 9 survivors (9216K)
 Metaspace       used 57378K, capacity 59610K, committed 59676K, reserved 1099776K
  class space    used 7509K, capacity 8537K, committed 8556K, reserved 1048576K
}
Event: 10.065 GC heap before
{Heap before GC invocations=11 (full 0):
 garbage-first heap   total 236544K, used 74803K [0x0000000740000000, 0x0000000800000000)
  region size 1024K, 39 young (39936K), 9 survivors (9216K)
 Metaspace       used 57968K, capacity 60211K, committed 60316K, reserved 1101824K
  class space    used 7583K, capacity 8611K, committed 8684K, reserved 1048576K
}
Event: 10.069 GC heap after
{Heap after GC invocations=12 (full 0):
 garbage-first heap   total 236544K, used 36047K [0x0000000740000000, 0x0000000800000000)
  region size 1024K, 4 young (4096K), 4 survivors (4096K)
 Metaspace       used 57968K, capacity 60211K, committed 60316K, reserved 1101824K
  class space    used 7583K, capacity 8611K, committed 8684K, reserved 1048576K
}
Event: 18.401 GC heap before
{Heap before GC invocations=13 (full 0):
 garbage-first heap   total 236544K, used 172239K [0x0000000740000000, 0x0000000800000000)
  region size 1024K, 138 young (141312K), 4 survivors (4096K)
 Metaspace       used 73306K, capacity 76180K, committed 76316K, reserved 1114112K
  class space    used 9957K, capacity 11293K, committed 11372K, reserved 1048576K
}
Event: 18.406 GC heap after
{Heap after GC invocations=14 (full 0):
 garbage-first heap   total 236544K, used 40475K [0x0000000740000000, 0x0000000800000000)
  region size 1024K, 8 young (8192K), 8 survivors (8192K)
 Metaspace       used 73306K, capacity 76180K, committed 76316K, reserved 1114112K
  class space    used 9957K, capacity 11293K, committed 11372K, reserved 1048576K
}
Event: 19.758 GC heap before
{Heap before GC invocations=14 (full 0):
 garbage-first heap   total 236544K, used 173595K [0x0000000740000000, 0x0000000800000000)
  region size 1024K, 138 young (141312K), 8 survivors (8192K)
 Metaspace       used 87240K, capacity 91190K, committed 91292K, reserved 1126400K
  class space    used 12335K, capacity 14246K, committed 14316K, reserved 1048576K
}
Event: 19.766 GC heap after
{Heap after GC invocations=15 (full 0):
 garbage-first heap   total 236544K, used 42925K [0x0000000740000000, 0x0000000800000000)
  region size 1024K, 11 young (11264K), 11 survivors (11264K)
 Metaspace       used 87240K, capacity 91190K, committed 91292K, reserved 1126400K
  class space    used 12335K, capacity 14246K, committed 14316K, reserved 1048576K
}

