# JRE version: Java(TM) SE Runtime Environment 18.9 (11.0.7+8) (build 11.0.7+8-LTS)
# Java VM: Java HotSpot(TM) 64-Bit Server VM 18.9 (11.0.7+8-LTS, mixed mode, tiered, compressed oops, g1 gc, bsd-amd64)
Heap:
 garbage-first heap   total 236544K, used 138686K [0x0000000740000000, 0x0000000800000000)
  region size 1024K, 106 young (108544K), 11 survivors (11264K)
 Metaspace       used 94027K, capacity 98726K, committed 98844K, reserved 1132544K
  class space    used 13594K, capacity 15911K, committed 15980K, reserved 1048576K
GC Heap History (10 events):
Event: 10.533 GC heap before
{Heap before GC invocations=9 (full 0):
 garbage-first heap   total 236544K, used 170218K [0x0000000740000000, 0x0000000800000000)
  region size 1024K, 138 young (141312K), 15 survivors (15360K)
 Metaspace       used 57164K, capacity 59398K, committed 59676K, reserved 1099776K
  class space    used 7435K, capacity 8472K, committed 8556K, reserved 1048576K
}
Event: 10.543 GC heap after
{Heap after GC invocations=10 (full 0):
 garbage-first heap   total 236544K, used 36362K [0x0000000740000000, 0x0000000800000000)
  region size 1024K, 11 young (11264K), 11 survivors (11264K)
 Metaspace       used 57164K, capacity 59398K, committed 59676K, reserved 1099776K
  class space    used 7435K, capacity 8472K, committed 8556K, reserved 1048576K
}
Event: 10.674 GC heap before
{Heap before GC invocations=10 (full 0):
 garbage-first heap   total 236544K, used 187914K [0x0000000740000000, 0x0000000800000000)
  region size 1024K, 138 young (141312K), 11 survivors (11264K)
 Metaspace       used 57380K, capacity 59596K, committed 59676K, reserved 1099776K
  class space    used 7509K, capacity 8537K, committed 8556K, reserved 1048576K
}
Event: 10.683 GC heap after
{Heap after GC invocations=11 (full 0):
 garbage-first heap   total 236544K, used 43713K [0x0000000740000000, 0x0000000800000000)
  region size 1024K, 15 young (15360K), 15 survivors (15360K)
 Metaspace       used 57380K, capacity 59596K, committed 59676K, reserved 1099776K
  class space    used 7509K, capacity 8537K, committed 8556K, reserved 1048576K
}
Event: 10.763 GC heap before
{Heap before GC invocations=11 (full 0):
 garbage-first heap   total 236544K, used 92865K [0x0000000740000000, 0x0000000800000000)
  region size 1024K, 59 young (60416K), 15 survivors (15360K)
 Metaspace       used 57872K, capacity 60130K, committed 60316K, reserved 1101824K
  class space    used 7569K, capacity 8610K, committed 8684K, reserved 1048576K
}
Event: 10.768 GC heap after
{Heap after GC invocations=12 (full 0):
 garbage-first heap   total 236544K, used 35892K [0x0000000740000000, 0x0000000800000000)
  region size 1024K, 4 young (4096K), 4 survivors (4096K)
 Metaspace       used 57872K, capacity 60130K, committed 60316K, reserved 1101824K
  class space    used 7569K, capacity 8610K, committed 8684K, reserved 1048576K
}
Event: 18.849 GC heap before
{Heap before GC invocations=13 (full 0):
 garbage-first heap   total 236544K, used 172084K [0x0000000740000000, 0x0000000800000000)
  region size 1024K, 138 young (141312K), 4 survivors (4096K)
 Metaspace       used 72736K, capacity 75619K, committed 75676K, reserved 1114112K
  class space    used 9904K, capacity 11232K, committed 11244K, reserved 1048576K
}
Event: 18.855 GC heap after
{Heap after GC invocations=14 (full 0):
 garbage-first heap   total 236544K, used 39988K [0x0000000740000000, 0x0000000800000000)
  region size 1024K, 8 young (8192K), 8 survivors (8192K)
 Metaspace       used 72736K, capacity 75619K, committed 75676K, reserved 1114112K
  class space    used 9904K, capacity 11232K, committed 11244K, reserved 1048576K
}
Event: 20.181 GC heap before
{Heap before GC invocations=14 (full 0):
 garbage-first heap   total 236544K, used 172084K [0x0000000740000000, 0x0000000800000000)
  region size 1024K, 138 young (141312K), 8 survivors (8192K)
 Metaspace       used 87193K, capacity 91098K, committed 91292K, reserved 1126400K
  class space    used 12328K, capacity 14246K, committed 14316K, reserved 1048576K
}
Event: 20.189 GC heap after
{Heap after GC invocations=15 (full 0):
 garbage-first heap   total 236544K, used 42430K [0x0000000740000000, 0x0000000800000000)
  region size 1024K, 11 young (11264K), 11 survivors (11264K)
 Metaspace       used 87193K, capacity 91098K, committed 91292K, reserved 1126400K
  class space    used 12328K, capacity 14246K, committed 14316K, reserved 1048576K
}

