# JRE version: Java(TM) SE Runtime Environment 18.9 (11.0.7+8) (build 11.0.7+8-LTS)
# Java VM: Java HotSpot(TM) 64-Bit Server VM 18.9 (11.0.7+8-LTS, mixed mode, tiered, compressed oops, g1 gc, bsd-amd64)
Heap:
 garbage-first heap   total 284672K, used 78307K [0x0000000740000000, 0x0000000800000000)
  region size 1024K, 50 young (51200K), 13 survivors (13312K)
 Metaspace       used 93696K, capacity 98313K, committed 98460K, reserved 1132544K
  class space    used 13522K, capacity 15807K, committed 15852K, reserved 1048576K
GC Heap History (10 events):
Event: 11.212 GC heap before
{Heap before GC invocations=9 (full 0):
 garbage-first heap   total 236544K, used 172283K [0x0000000740000000, 0x0000000800000000)
  region size 1024K, 138 young (141312K), 17 survivors (17408K)
 Metaspace       used 57186K, capacity 59397K, committed 59676K, reserved 1099776K
  class space    used 7435K, capacity 8472K, committed 8556K, reserved 1048576K
}
Event: 11.231 GC heap after
{Heap after GC invocations=10 (full 0):
 garbage-first heap   total 236544K, used 37540K [0x0000000740000000, 0x0000000800000000)
  region size 1024K, 11 young (11264K), 11 survivors (11264K)
 Metaspace       used 57186K, capacity 59397K, committed 59676K, reserved 1099776K
  class space    used 7435K, capacity 8472K, committed 8556K, reserved 1048576K
}
Event: 11.374 GC heap before
{Heap before GC invocations=10 (full 0):
 garbage-first heap   total 236544K, used 186020K [0x0000000740000000, 0x0000000800000000)
  region size 1024K, 138 young (141312K), 11 survivors (11264K)
 Metaspace       used 57407K, capacity 59659K, committed 59932K, reserved 1101824K
  class space    used 7509K, capacity 8537K, committed 8556K, reserved 1048576K
}
Event: 11.381 GC heap after
{Heap after GC invocations=11 (full 0):
 garbage-first heap   total 284672K, used 39801K [0x0000000740000000, 0x0000000800000000)
  region size 1024K, 10 young (10240K), 10 survivors (10240K)
 Metaspace       used 57407K, capacity 59659K, committed 59932K, reserved 1101824K
  class space    used 7509K, capacity 8537K, committed 8556K, reserved 1048576K
}
Event: 11.461 GC heap before
{Heap before GC invocations=11 (full 0):
 garbage-first heap   total 284672K, used 68473K [0x0000000740000000, 0x0000000800000000)
  region size 1024K, 36 young (36864K), 10 survivors (10240K)
 Metaspace       used 57889K, capacity 60129K, committed 60316K, reserved 1101824K
  class space    used 7566K, capacity 8610K, committed 8684K, reserved 1048576K
}
Event: 11.465 GC heap after
{Heap after GC invocations=12 (full 0):
 garbage-first heap   total 284672K, used 34233K [0x0000000740000000, 0x0000000800000000)
  region size 1024K, 6 young (6144K), 6 survivors (6144K)
 Metaspace       used 57889K, capacity 60129K, committed 60316K, reserved 1101824K
  class space    used 7566K, capacity 8610K, committed 8684K, reserved 1048576K
}
Event: 20.241 GC heap before
{Heap before GC invocations=13 (full 0):
 garbage-first heap   total 284672K, used 197049K [0x0000000740000000, 0x0000000800000000)
  region size 1024K, 166 young (169984K), 6 survivors (6144K)
 Metaspace       used 76937K, capacity 80147K, committed 80412K, reserved 1118208K
  class space    used 10557K, capacity 12072K, committed 12140K, reserved 1048576K
}
Event: 20.247 GC heap after
{Heap after GC invocations=14 (full 0):
 garbage-first heap   total 284672K, used 38797K [0x0000000740000000, 0x0000000800000000)
  region size 1024K, 10 young (10240K), 10 survivors (10240K)
 Metaspace       used 76937K, capacity 80147K, committed 80412K, reserved 1118208K
  class space    used 10557K, capacity 12072K, committed 12140K, reserved 1048576K
}
Event: 21.501 GC heap before
{Heap before GC invocations=14 (full 0):
 garbage-first heap   total 284672K, used 198541K [0x0000000740000000, 0x0000000800000000)
  region size 1024K, 166 young (169984K), 10 survivors (10240K)
 Metaspace       used 88588K, capacity 92638K, committed 92828K, reserved 1128448K
  class space    used 12493K, capacity 14455K, committed 14572K, reserved 1048576K
}
Event: 21.508 GC heap after
{Heap after GC invocations=15 (full 0):
 garbage-first heap   total 284672K, used 41443K [0x0000000740000000, 0x0000000800000000)
  region size 1024K, 13 young (13312K), 13 survivors (13312K)
 Metaspace       used 88588K, capacity 92638K, committed 92828K, reserved 1128448K
  class space    used 12493K, capacity 14455K, committed 14572K, reserved 1048576K
}

